<?xml version="1.0" encoding="UTF-8"?>
<robot generator="Robot 3.2.2 (Python 3.7.6 on win32)" generated="20210227 14:55:29.374" rpa="false">
<suite id="s1" name="Test" source="D:\SE\AS1\Local_repository\robotframework\Test.robot">
<test id="s1-t1" name="Search case">
<kw name="Open Browser" library="Selenium2Library">
<doc>Opens a new browser instance to the optional ``url``.</doc>
<arguments>
<arg>${url}</arg>
<arg>${browser}</arg>
</arguments>
<msg timestamp="20210227 14:55:29.928" level="INFO">Opening browser 'chrome' to base url 'https://google.com/'.</msg>
<status status="PASS" starttime="20210227 14:55:29.927" endtime="20210227 14:55:33.620"></status>
</kw>
<kw name="Input Text" library="Selenium2Library">
<doc>Types the given ``text`` into the text field identified by ``locator``.</doc>
<arguments>
<arg>name=q</arg>
<arg>${expected_result}</arg>
</arguments>
<msg timestamp="20210227 14:55:33.623" level="INFO">Typing text 'การ์ตูน' into text field 'name=q'.</msg>
<status status="PASS" starttime="20210227 14:55:33.622" endtime="20210227 14:55:33.836"></status>
</kw>
<kw name="Submit Form" library="Selenium2Library">
<doc>Submits a form identified by ``locator``.</doc>
<msg timestamp="20210227 14:55:33.837" level="INFO">Submitting form 'None'.</msg>
<status status="PASS" starttime="20210227 14:55:33.837" endtime="20210227 14:55:35.719"></status>
</kw>
<kw name="Wait Until Page Contains" library="Selenium2Library">
<doc>Waits until ``text`` appears on the current page.</doc>
<arguments>
<arg>${expected_result}</arg>
</arguments>
<status status="PASS" starttime="20210227 14:55:35.721" endtime="20210227 14:55:35.770"></status>
</kw>
<status status="PASS" starttime="20210227 14:55:29.925" endtime="20210227 14:55:35.771" critical="yes"></status>
</test>
<status status="PASS" starttime="20210227 14:55:29.381" endtime="20210227 14:55:35.775"></status>
</suite>
<statistics>
<total>
<stat pass="1" fail="0">Critical Tests</stat>
<stat pass="1" fail="0">All Tests</stat>
</total>
<tag>
</tag>
<suite>
<stat pass="1" fail="0" id="s1" name="Test">Test</stat>
</suite>
</statistics>
<errors>
</errors>
</robot>
